<?xml version="1.0" encoding="UTF-8"?>
<robot generator="Robot 5.0.1 (Python 3.10.7 on win32)" generated="20221106 13:29:17.300" rpa="false" schemaversion="3">
<suite id="s1" name="LoginTestCase01" source="C:\Users\C9947999\PycharmProjects\BLIM Automation\TestCases\BLIMPortal\FunctionalTestSuites\Login\LoginTestCase01.robot">
<test id="s1-t1" name="LoginTest" line="9">
<kw name="Get Selenium Implicit Wait" library="SeleniumLibrary">
<var>${default_implicit_wait}</var>
<doc>Gets the implicit wait value used by Selenium.</doc>
<msg timestamp="20221106 13:29:17.692" level="INFO">${default_implicit_wait} = 0 seconds</msg>
<status status="PASS" starttime="20221106 13:29:17.691" endtime="20221106 13:29:17.692"/>
</kw>
<kw name="Set Selenium Implicit Wait" library="SeleniumLibrary">
<arg>60s</arg>
<doc>Sets the implicit wait value used by Selenium.</doc>
<status status="PASS" starttime="20221106 13:29:17.692" endtime="20221106 13:29:17.692"/>
</kw>
<kw name="Get Selenium Implicit Wait" library="SeleniumLibrary">
<var>${custom_implicit_wait}</var>
<doc>Gets the implicit wait value used by Selenium.</doc>
<msg timestamp="20221106 13:29:17.692" level="INFO">${custom_implicit_wait} = 1 minute</msg>
<status status="PASS" starttime="20221106 13:29:17.692" endtime="20221106 13:29:17.692"/>
</kw>
<kw name="Open Browser" library="SeleniumLibrary">
<arg>${url}</arg>
<arg>${browser}</arg>
<doc>Opens a new browser instance to the optional ``url``.</doc>
<msg timestamp="20221106 13:29:17.693" level="INFO">Opening browser 'chrome' to base url 'https://nubisnet-dev.azurewebsites.net/login'.</msg>
<status status="PASS" starttime="20221106 13:29:17.692" endtime="20221106 13:29:26.103"/>
</kw>
<kw name="loginToCumulosityDashboard">
<kw name="Maximize Browser Window" library="SeleniumLibrary">
<doc>Maximizes current browser window.</doc>
<status status="PASS" starttime="20221106 13:29:26.104" endtime="20221106 13:29:26.230"/>
</kw>
<kw name="Input Text" library="SeleniumLibrary">
<arg>xpath://*[@id="mat-input-0"]</arg>
<arg>test_automation_qa_0@machinery-monitoring.com</arg>
<doc>Types the given ``text`` into the text field identified by ``locator``.</doc>
<msg timestamp="20221106 13:29:26.230" level="INFO">Typing text 'test_automation_qa_0@machinery-monitoring.com' into text field 'xpath://*[@id="mat-input-0"]'.</msg>
<status status="PASS" starttime="20221106 13:29:26.230" endtime="20221106 13:29:26.357"/>
</kw>
<kw name="Sleep" library="BuiltIn">
<arg>2s</arg>
<doc>Pauses the test executed for the given time.</doc>
<msg timestamp="20221106 13:29:28.371" level="INFO">Slept 2 seconds</msg>
<status status="PASS" starttime="20221106 13:29:26.357" endtime="20221106 13:29:28.371"/>
</kw>
<kw name="Input Text" library="SeleniumLibrary">
<arg>xpath://*[@id="mat-input-1"]</arg>
<arg>AutomationTest@2022</arg>
<doc>Types the given ``text`` into the text field identified by ``locator``.</doc>
<msg timestamp="20221106 13:29:28.371" level="INFO">Typing text 'AutomationTest@2022' into text field 'xpath://*[@id="mat-input-1"]'.</msg>
<status status="PASS" starttime="20221106 13:29:28.371" endtime="20221106 13:29:28.465"/>
</kw>
<kw name="Sleep" library="BuiltIn">
<arg>2s</arg>
<doc>Pauses the test executed for the given time.</doc>
<msg timestamp="20221106 13:29:30.477" level="INFO">Slept 2 seconds</msg>
<status status="PASS" starttime="20221106 13:29:28.465" endtime="20221106 13:29:30.477"/>
</kw>
<kw name="Click Element" library="SeleniumLibrary">
<arg>xpath:/html/body/app-main/app-login/div/form/div/button/span[1]</arg>
<doc>Click the element identified by ``locator``.</doc>
<msg timestamp="20221106 13:29:30.477" level="INFO">Clicking element 'xpath:/html/body/app-main/app-login/div/form/div/button/span[1]'.</msg>
<status status="PASS" starttime="20221106 13:29:30.477" endtime="20221106 13:29:30.523"/>
</kw>
<kw name="Sleep" library="BuiltIn">
<arg>2s</arg>
<doc>Pauses the test executed for the given time.</doc>
<msg timestamp="20221106 13:29:32.523" level="INFO">Slept 2 seconds</msg>
<status status="PASS" starttime="20221106 13:29:30.523" endtime="20221106 13:29:32.523"/>
</kw>
<kw name="Click Element" library="SeleniumLibrary">
<arg>xpath:/html/body/app-main/saentis-main/blui-drawer-layout/mat-sidenav-container/mat-sidenav/div/app-sidenav/blui-drawer/div/div/blui-drawer-body/div/blui-drawer-nav-group/div/mat-nav-list/blui-drawer-nav-item[1]/div/blui-info-list-item/mat-list-item/span/span[2]/div[1]/div</arg>
<doc>Click the element identified by ``locator``.</doc>
<msg timestamp="20221106 13:29:32.523" level="INFO">Clicking element 'xpath:/html/body/app-main/saentis-main/blui-drawer-layout/mat-sidenav-container/mat-sidenav/div/app-sidenav/blui-drawer/div/div/blui-drawer-body/div/blui-drawer-nav-group/div/mat-nav-list/blui-drawer-nav-item[1]/div/blui-info-list-item/mat-list-item/span/span[2]/div[1]/div'.</msg>
<status status="PASS" starttime="20221106 13:29:32.523" endtime="20221106 13:29:35.220"/>
</kw>
<kw name="Sleep" library="BuiltIn">
<arg>10s</arg>
<doc>Pauses the test executed for the given time.</doc>
<msg timestamp="20221106 13:29:45.230" level="INFO">Slept 10 seconds</msg>
<status status="PASS" starttime="20221106 13:29:35.220" endtime="20221106 13:29:45.230"/>
</kw>
<status status="PASS" starttime="20221106 13:29:26.103" endtime="20221106 13:29:45.230"/>
</kw>
<kw name="Close Browser" library="SeleniumLibrary">
<doc>Closes the current browser.</doc>
<status status="PASS" starttime="20221106 13:29:45.231" endtime="20221106 13:29:47.640"/>
</kw>
<status status="PASS" starttime="20221106 13:29:17.691" endtime="20221106 13:29:47.640"/>
</test>
<status status="PASS" starttime="20221106 13:29:17.306" endtime="20221106 13:29:47.642"/>
</suite>
<statistics>
<total>
<stat pass="1" fail="0" skip="0">All Tests</stat>
</total>
<tag>
</tag>
<suite>
<stat pass="1" fail="0" skip="0" id="s1" name="LoginTestCase01">LoginTestCase01</stat>
</suite>
</statistics>
<errors>
</errors>
</robot>
